Added Component: Designator=*1(jump don duc_2p)
Added Component: Designator=*2(jump don duc_2p)
Added Component: Designator=C1(tu hoa 5mm)
Add component (AddParameter): Name = "Chung_Loai"; Value = "C?m"; VariantName = "[No Variations]"
Add component (AddParameter): Name = "Don_Vi"; Value = "Con"; VariantName = "[No Variations]"
Add component (AddParameter): Name = "Kieu_Chan"; Value = ""; VariantName = "[No Variations]"
Add component (AddParameter): Name = "Ma_Hang"; Value = "MH001351"; VariantName = "[No Variations]"
Add component (AddParameter): Name = "So_Chan"; Value = "2"; VariantName = "[No Variations]"
Add component (AddParameter): Name = "Ten_Linh_Kien"; Value = "T? Hóa 100uF 25V 6x11MM"; VariantName = "[No Variations]"
Added Component: Designator=C2(tu gom)
Add component (AddParameter): Name = "Chung_Loai"; Value = "C?m"; VariantName = "[No Variations]"
Add component (AddParameter): Name = "Don_Vi"; Value = "Con"; VariantName = "[No Variations]"
Add component (AddParameter): Name = "Kieu_Chan"; Value = ""; VariantName = "[No Variations]"
Add component (AddParameter): Name = "Ma_Hang"; Value = "MH004761"; VariantName = "[No Variations]"
Add component (AddParameter): Name = "So_Chan"; Value = "2"; VariantName = "[No Variations]"
Add component (AddParameter): Name = "Ten_Linh_Kien"; Value = "T? g?m 104 100nF 50V"; VariantName = "[No Variations]"
Added Component: Designator=C3(tu gom)
Add component (AddParameter): Name = "Chung_Loai"; Value = "C?m"; VariantName = "[No Variations]"
Add component (AddParameter): Name = "Don_Vi"; Value = "Con"; VariantName = "[No Variations]"
Add component (AddParameter): Name = "Kieu_Chan"; Value = ""; VariantName = "[No Variations]"
Add component (AddParameter): Name = "Ma_Hang"; Value = "MH004761"; VariantName = "[No Variations]"
Add component (AddParameter): Name = "So_Chan"; Value = "2"; VariantName = "[No Variations]"
Add component (AddParameter): Name = "Ten_Linh_Kien"; Value = "T? g?m 104 100nF 50V"; VariantName = "[No Variations]"
Added Component: Designator=C4(tu gom)
Add component (AddParameter): Name = "Chung_Loai"; Value = "C?m"; VariantName = "[No Variations]"
Add component (AddParameter): Name = "Don_Vi"; Value = "Con"; VariantName = "[No Variations]"
Add component (AddParameter): Name = "Kieu_Chan"; Value = ""; VariantName = "[No Variations]"
Add component (AddParameter): Name = "Ma_Hang"; Value = "MH004761"; VariantName = "[No Variations]"
Add component (AddParameter): Name = "So_Chan"; Value = "2"; VariantName = "[No Variations]"
Add component (AddParameter): Name = "Ten_Linh_Kien"; Value = "T? g?m 104 100nF 50V"; VariantName = "[No Variations]"
Added Component: Designator=C5(tu gom)
Add component (AddParameter): Name = "Chung_Loai"; Value = "C?m"; VariantName = "[No Variations]"
Add component (AddParameter): Name = "Don_Vi"; Value = "Con"; VariantName = "[No Variations]"
Add component (AddParameter): Name = "Kieu_Chan"; Value = ""; VariantName = "[No Variations]"
Add component (AddParameter): Name = "Ma_Hang"; Value = "MH004761"; VariantName = "[No Variations]"
Add component (AddParameter): Name = "So_Chan"; Value = "2"; VariantName = "[No Variations]"
Add component (AddParameter): Name = "Ten_Linh_Kien"; Value = "T? g?m 104 100nF 50V"; VariantName = "[No Variations]"
Added Component: Designator=C6(tu gom)
Add component (AddParameter): Name = "Chung_Loai"; Value = "C?m"; VariantName = "[No Variations]"
Add component (AddParameter): Name = "Don_Vi"; Value = "Con"; VariantName = "[No Variations]"
Add component (AddParameter): Name = "Kieu_Chan"; Value = ""; VariantName = "[No Variations]"
Add component (AddParameter): Name = "Ma_Hang"; Value = "MH004761"; VariantName = "[No Variations]"
Add component (AddParameter): Name = "So_Chan"; Value = "2"; VariantName = "[No Variations]"
Add component (AddParameter): Name = "Ten_Linh_Kien"; Value = "T? g?m 104 100nF 50V"; VariantName = "[No Variations]"
Added Component: Designator=C7(tu gom)
Add component (AddParameter): Name = "Chung_Loai"; Value = "C?m"; VariantName = "[No Variations]"
Add component (AddParameter): Name = "Don_Vi"; Value = "Con"; VariantName = "[No Variations]"
Add component (AddParameter): Name = "Kieu_Chan"; Value = ""; VariantName = "[No Variations]"
Add component (AddParameter): Name = "Ma_Hang"; Value = "MH004761"; VariantName = "[No Variations]"
Add component (AddParameter): Name = "So_Chan"; Value = "2"; VariantName = "[No Variations]"
Add component (AddParameter): Name = "Ten_Linh_Kien"; Value = "T? g?m 104 100nF 50V"; VariantName = "[No Variations]"
Added Component: Designator=C8(tu gom)
Add component (AddParameter): Name = "Chung_Loai"; Value = "C?m"; VariantName = "[No Variations]"
Add component (AddParameter): Name = "Don_Vi"; Value = "Con"; VariantName = "[No Variations]"
Add component (AddParameter): Name = "Kieu_Chan"; Value = ""; VariantName = "[No Variations]"
Add component (AddParameter): Name = "Ma_Hang"; Value = "MH004761"; VariantName = "[No Variations]"
Add component (AddParameter): Name = "So_Chan"; Value = "2"; VariantName = "[No Variations]"
Add component (AddParameter): Name = "Ten_Linh_Kien"; Value = "T? g?m 104 100nF 50V"; VariantName = "[No Variations]"
Added Component: Designator=C9(tu gom)
Add component (AddParameter): Name = "Chung_Loai"; Value = "C?m"; VariantName = "[No Variations]"
Add component (AddParameter): Name = "Don_Vi"; Value = "Con"; VariantName = "[No Variations]"
Add component (AddParameter): Name = "Kieu_Chan"; Value = ""; VariantName = "[No Variations]"
Add component (AddParameter): Name = "Ma_Hang"; Value = "MH004761"; VariantName = "[No Variations]"
Add component (AddParameter): Name = "So_Chan"; Value = "2"; VariantName = "[No Variations]"
Add component (AddParameter): Name = "Ten_Linh_Kien"; Value = "T? g?m 104 100nF 50V"; VariantName = "[No Variations]"
Added Component: Designator=C10(tu gom)
Add component (AddParameter): Name = "Chung_Loai"; Value = "C?m"; VariantName = "[No Variations]"
Add component (AddParameter): Name = "Don_Vi"; Value = "Con"; VariantName = "[No Variations]"
Add component (AddParameter): Name = "Kieu_Chan"; Value = ""; VariantName = "[No Variations]"
Add component (AddParameter): Name = "Ma_Hang"; Value = "MH004761"; VariantName = "[No Variations]"
Add component (AddParameter): Name = "So_Chan"; Value = "2"; VariantName = "[No Variations]"
Add component (AddParameter): Name = "Ten_Linh_Kien"; Value = "T? g?m 104 100nF 50V"; VariantName = "[No Variations]"
Added Component: Designator=C11(tu gom)
Add component (AddParameter): Name = "Chung_Loai"; Value = "C?m"; VariantName = "[No Variations]"
Add component (AddParameter): Name = "Don_Vi"; Value = "Con"; VariantName = "[No Variations]"
Add component (AddParameter): Name = "Kieu_Chan"; Value = ""; VariantName = "[No Variations]"
Add component (AddParameter): Name = "Ma_Hang"; Value = "MH004761"; VariantName = "[No Variations]"
Add component (AddParameter): Name = "So_Chan"; Value = "2"; VariantName = "[No Variations]"
Add component (AddParameter): Name = "Ten_Linh_Kien"; Value = "T? g?m 104 100nF 50V"; VariantName = "[No Variations]"
Added Component: Designator=C12(tu gom)
Add component (AddParameter): Name = "Chung_Loai"; Value = "C?m"; VariantName = "[No Variations]"
Add component (AddParameter): Name = "Don_Vi"; Value = "Con"; VariantName = "[No Variations]"
Add component (AddParameter): Name = "Kieu_Chan"; Value = ""; VariantName = "[No Variations]"
Add component (AddParameter): Name = "Ma_Hang"; Value = "MH004761"; VariantName = "[No Variations]"
Add component (AddParameter): Name = "So_Chan"; Value = "2"; VariantName = "[No Variations]"
Add component (AddParameter): Name = "Ten_Linh_Kien"; Value = "T? g?m 104 100nF 50V"; VariantName = "[No Variations]"
Added Component: Designator=C13(tu gom)
Add component (AddParameter): Name = "Chung_Loai"; Value = "C?m"; VariantName = "[No Variations]"
Add component (AddParameter): Name = "Don_Vi"; Value = "Con"; VariantName = "[No Variations]"
Add component (AddParameter): Name = "Kieu_Chan"; Value = ""; VariantName = "[No Variations]"
Add component (AddParameter): Name = "Ma_Hang"; Value = "MH004761"; VariantName = "[No Variations]"
Add component (AddParameter): Name = "So_Chan"; Value = "2"; VariantName = "[No Variations]"
Add component (AddParameter): Name = "Ten_Linh_Kien"; Value = "T? g?m 104 100nF 50V"; VariantName = "[No Variations]"
Added Component: Designator=C14(tu gom)
Add component (AddParameter): Name = "Chung_Loai"; Value = "C?m"; VariantName = "[No Variations]"
Add component (AddParameter): Name = "Don_Vi"; Value = "Con"; VariantName = "[No Variations]"
Add component (AddParameter): Name = "Kieu_Chan"; Value = ""; VariantName = "[No Variations]"
Add component (AddParameter): Name = "Ma_Hang"; Value = "MH004761"; VariantName = "[No Variations]"
Add component (AddParameter): Name = "So_Chan"; Value = "2"; VariantName = "[No Variations]"
Add component (AddParameter): Name = "Ten_Linh_Kien"; Value = "T? g?m 104 100nF 50V"; VariantName = "[No Variations]"
Added Component: Designator=C15(tu gom)
Add component (AddParameter): Name = "Chung_Loai"; Value = "C?m"; VariantName = "[No Variations]"
Add component (AddParameter): Name = "Don_Vi"; Value = "Con"; VariantName = "[No Variations]"
Add component (AddParameter): Name = "Kieu_Chan"; Value = ""; VariantName = "[No Variations]"
Add component (AddParameter): Name = "Ma_Hang"; Value = "MH004761"; VariantName = "[No Variations]"
Add component (AddParameter): Name = "So_Chan"; Value = "2"; VariantName = "[No Variations]"
Add component (AddParameter): Name = "Ten_Linh_Kien"; Value = "T? g?m 104 100nF 50V"; VariantName = "[No Variations]"
Added Component: Designator=C16(tu gom)
Add component (AddParameter): Name = "Chung_Loai"; Value = "C?m"; VariantName = "[No Variations]"
Add component (AddParameter): Name = "Don_Vi"; Value = "Con"; VariantName = "[No Variations]"
Add component (AddParameter): Name = "Kieu_Chan"; Value = ""; VariantName = "[No Variations]"
Add component (AddParameter): Name = "Ma_Hang"; Value = "MH004761"; VariantName = "[No Variations]"
Add component (AddParameter): Name = "So_Chan"; Value = "2"; VariantName = "[No Variations]"
Add component (AddParameter): Name = "Ten_Linh_Kien"; Value = "T? g?m 104 100nF 50V"; VariantName = "[No Variations]"
Added Component: Designator=C17(tu hoa 8mm)
Add component (AddParameter): Name = "Chung_Loai"; Value = "C?m"; VariantName = "[No Variations]"
Add component (AddParameter): Name = "Don_Vi"; Value = "Con"; VariantName = "[No Variations]"
Add component (AddParameter): Name = "Kieu_Chan"; Value = ""; VariantName = "[No Variations]"
Add component (AddParameter): Name = "Ma_Hang"; Value = "MH006872"; VariantName = "[No Variations]"
Add component (AddParameter): Name = "So_Chan"; Value = "2"; VariantName = "[No Variations]"
Add component (AddParameter): Name = "Ten_Linh_Kien"; Value = "T? Hóa 100uF 50V 8x11MM"; VariantName = "[No Variations]"
Added Component: Designator=C18(tu hoa 8mm)
Add component (AddParameter): Name = "Chung_Loai"; Value = "C?m"; VariantName = "[No Variations]"
Add component (AddParameter): Name = "Don_Vi"; Value = "Con"; VariantName = "[No Variations]"
Add component (AddParameter): Name = "Kieu_Chan"; Value = ""; VariantName = "[No Variations]"
Add component (AddParameter): Name = "Ma_Hang"; Value = "MH008300"; VariantName = "[No Variations]"
Add component (AddParameter): Name = "So_Chan"; Value = "2"; VariantName = "[No Variations]"
Add component (AddParameter): Name = "Ten_Linh_Kien"; Value = "T? Hóa 1000uF 16V 8x20MM"; VariantName = "[No Variations]"
Added Component: Designator=C19(tu hoa 8mm)
Add component (AddParameter): Name = "Chung_Loai"; Value = "C?m"; VariantName = "[No Variations]"
Add component (AddParameter): Name = "Don_Vi"; Value = "Con"; VariantName = "[No Variations]"
Add component (AddParameter): Name = "Kieu_Chan"; Value = ""; VariantName = "[No Variations]"
Add component (AddParameter): Name = "Ma_Hang"; Value = "MH006872"; VariantName = "[No Variations]"
Add component (AddParameter): Name = "So_Chan"; Value = "2"; VariantName = "[No Variations]"
Add component (AddParameter): Name = "Ten_Linh_Kien"; Value = "T? Hóa 100uF 50V 8x11MM"; VariantName = "[No Variations]"
Added Component: Designator=C20(tu hoa 8mm)
Add component (AddParameter): Name = "Chung_Loai"; Value = "C?m"; VariantName = "[No Variations]"
Add component (AddParameter): Name = "Don_Vi"; Value = "Con"; VariantName = "[No Variations]"
Add component (AddParameter): Name = "Kieu_Chan"; Value = ""; VariantName = "[No Variations]"
Add component (AddParameter): Name = "Ma_Hang"; Value = "MH008300"; VariantName = "[No Variations]"
Add component (AddParameter): Name = "So_Chan"; Value = "2"; VariantName = "[No Variations]"
Add component (AddParameter): Name = "Ten_Linh_Kien"; Value = "T? Hóa 1000uF 16V 8x20MM"; VariantName = "[No Variations]"
Added Component: Designator=D1(D5A)
Add component (AddParameter): Name = "Value"; Value = "1N5408"; VariantName = "[No Variations]"
Added Component: Designator=D2(D5A)
Add component (AddParameter): Name = "Value"; Value = "1N5408"; VariantName = "[No Variations]"
Added Component: Designator=D3(D5A)
Add component (AddParameter): Name = "Value"; Value = "1N5408"; VariantName = "[No Variations]"
Added Component: Designator=IC1(DIP16/W0.3)
Added Component: Designator=IC2(DIP16/W0.3)
Added Component: Designator=IC3(DIP16/W0.3)
Added Component: Designator=J1(JP4)
Add component (AddParameter): Name = "Chung_Loai"; Value = "C?m"; VariantName = "[No Variations]"
Add component (AddParameter): Name = "Don_Vi"; Value = "Con"; VariantName = "[No Variations]"
Add component (AddParameter): Name = "Ghi Chu"; Value = ""; VariantName = "[No Variations]"
Add component (AddParameter): Name = "Kieu Chan"; Value = ""; VariantName = "[No Variations]"
Add component (AddParameter): Name = "Ma_Hang"; Value = "MH000903"; VariantName = "[No Variations]"
Add component (AddParameter): Name = "Value"; Value = "Jump Ðon Ð?c 2.54MM 1x40P Th?ng 11MM"; VariantName = "[No Variations]"
Added Component: Designator=J2(JP4)
Add component (AddParameter): Name = "Chung_Loai"; Value = "C?m"; VariantName = "[No Variations]"
Add component (AddParameter): Name = "Don_Vi"; Value = "Con"; VariantName = "[No Variations]"
Add component (AddParameter): Name = "Ghi Chu"; Value = ""; VariantName = "[No Variations]"
Add component (AddParameter): Name = "Kieu Chan"; Value = ""; VariantName = "[No Variations]"
Add component (AddParameter): Name = "Ma_Hang"; Value = "MH000903"; VariantName = "[No Variations]"
Add component (AddParameter): Name = "Value"; Value = "Jump Ðon Ð?c 2.54MM 1x40P Th?ng 11MM"; VariantName = "[No Variations]"
Added Component: Designator=J3(ZH1.25 3P)
Add component (AddParameter): Name = "Chung_Loai"; Value = "C?m"; VariantName = "[No Variations]"
Add component (AddParameter): Name = "Don_Vi"; Value = "Con"; VariantName = "[No Variations]"
Add component (AddParameter): Name = "Ghi Chu"; Value = ""; VariantName = "[No Variations]"
Add component (AddParameter): Name = "Kieu Chan"; Value = ""; VariantName = "[No Variations]"
Add component (AddParameter): Name = "Ma_Hang"; Value = "MH000903"; VariantName = "[No Variations]"
Add component (AddParameter): Name = "Value"; Value = "Jump Ðon Ð?c 2.54MM 1x40P Th?ng 11MM"; VariantName = "[No Variations]"
Added Component: Designator=J4(ZH1.25 3P)
Add component (AddParameter): Name = "Chung_Loai"; Value = "C?m"; VariantName = "[No Variations]"
Add component (AddParameter): Name = "Don_Vi"; Value = "Con"; VariantName = "[No Variations]"
Add component (AddParameter): Name = "Ghi Chu"; Value = ""; VariantName = "[No Variations]"
Add component (AddParameter): Name = "Kieu Chan"; Value = ""; VariantName = "[No Variations]"
Add component (AddParameter): Name = "Ma_Hang"; Value = "MH000903"; VariantName = "[No Variations]"
Add component (AddParameter): Name = "Value"; Value = "Jump Ðon Ð?c 2.54MM 1x40P Th?ng 11MM"; VariantName = "[No Variations]"
Added Component: Designator=J5(ZH1.25 3P)
Add component (AddParameter): Name = "Chung_Loai"; Value = "C?m"; VariantName = "[No Variations]"
Add component (AddParameter): Name = "Don_Vi"; Value = "Con"; VariantName = "[No Variations]"
Add component (AddParameter): Name = "Ghi Chu"; Value = ""; VariantName = "[No Variations]"
Add component (AddParameter): Name = "Kieu Chan"; Value = ""; VariantName = "[No Variations]"
Add component (AddParameter): Name = "Ma_Hang"; Value = "MH000903"; VariantName = "[No Variations]"
Add component (AddParameter): Name = "Value"; Value = "Jump Ðon Ð?c 2.54MM 1x40P Th?ng 11MM"; VariantName = "[No Variations]"
Added Component: Designator=J6(ZH1.25 3P)
Add component (AddParameter): Name = "Chung_Loai"; Value = "C?m"; VariantName = "[No Variations]"
Add component (AddParameter): Name = "Don_Vi"; Value = "Con"; VariantName = "[No Variations]"
Add component (AddParameter): Name = "Ghi Chu"; Value = ""; VariantName = "[No Variations]"
Add component (AddParameter): Name = "Kieu Chan"; Value = ""; VariantName = "[No Variations]"
Add component (AddParameter): Name = "Ma_Hang"; Value = "MH000903"; VariantName = "[No Variations]"
Add component (AddParameter): Name = "Value"; Value = "Jump Ðon Ð?c 2.54MM 1x40P Th?ng 11MM"; VariantName = "[No Variations]"
Added Component: Designator=J7(ZH1.25 3P)
Add component (AddParameter): Name = "Chung_Loai"; Value = "C?m"; VariantName = "[No Variations]"
Add component (AddParameter): Name = "Don_Vi"; Value = "Con"; VariantName = "[No Variations]"
Add component (AddParameter): Name = "Ghi Chu"; Value = ""; VariantName = "[No Variations]"
Add component (AddParameter): Name = "Kieu Chan"; Value = ""; VariantName = "[No Variations]"
Add component (AddParameter): Name = "Ma_Hang"; Value = "MH000903"; VariantName = "[No Variations]"
Add component (AddParameter): Name = "Value"; Value = "Jump Ðon Ð?c 2.54MM 1x40P Th?ng 11MM"; VariantName = "[No Variations]"
Added Component: Designator=J8(ZH1.25 3P)
Add component (AddParameter): Name = "Chung_Loai"; Value = "C?m"; VariantName = "[No Variations]"
Add component (AddParameter): Name = "Don_Vi"; Value = "Con"; VariantName = "[No Variations]"
Add component (AddParameter): Name = "Ghi Chu"; Value = ""; VariantName = "[No Variations]"
Add component (AddParameter): Name = "Kieu Chan"; Value = ""; VariantName = "[No Variations]"
Add component (AddParameter): Name = "Ma_Hang"; Value = "MH000903"; VariantName = "[No Variations]"
Add component (AddParameter): Name = "Value"; Value = "Jump Ðon Ð?c 2.54MM 1x40P Th?ng 11MM"; VariantName = "[No Variations]"
Added Component: Designator=J9(ZH1.25 3P)
Add component (AddParameter): Name = "Chung_Loai"; Value = "C?m"; VariantName = "[No Variations]"
Add component (AddParameter): Name = "Don_Vi"; Value = "Con"; VariantName = "[No Variations]"
Add component (AddParameter): Name = "Ghi Chu"; Value = ""; VariantName = "[No Variations]"
Add component (AddParameter): Name = "Kieu Chan"; Value = ""; VariantName = "[No Variations]"
Add component (AddParameter): Name = "Ma_Hang"; Value = "MH000903"; VariantName = "[No Variations]"
Add component (AddParameter): Name = "Value"; Value = "Jump Ðon Ð?c 2.54MM 1x40P Th?ng 11MM"; VariantName = "[No Variations]"
Added Component: Designator=JP1(JP8)
Add component (AddParameter): Name = "Chung_Loai"; Value = "C?m"; VariantName = "[No Variations]"
Add component (AddParameter): Name = "Don_Vi"; Value = "Con"; VariantName = "[No Variations]"
Add component (AddParameter): Name = "Ghi_Chu"; Value = ""; VariantName = "[No Variations]"
Add component (AddParameter): Name = "Kieu Chan"; Value = ""; VariantName = "[No Variations]"
Add component (AddParameter): Name = "Ma_Hang"; Value = "MH000903"; VariantName = "[No Variations]"
Add component (AddParameter): Name = "Value"; Value = "Jump Ðon Ð?c 2.54MM 1x40P Th?ng 11MM"; VariantName = "[No Variations]"
Added Component: Designator=JP2(CON8)
Add component (AddParameter): Name = "Don_Vi"; Value = "Con"; VariantName = "[No Variations]"
Add component (AddParameter): Name = "Ghi Chu"; Value = ""; VariantName = "[No Variations]"
Add component (AddParameter): Name = "Kieu Chan"; Value = ""; VariantName = "[No Variations]"
Add component (AddParameter): Name = "Ma_Hang"; Value = "MH000903"; VariantName = "[No Variations]"
Add component (AddParameter): Name = "Value"; Value = "Jump Ðon Ð?c 2.54MM 1x40P Th?ng 11MM"; VariantName = "[No Variations]"
Added Component: Designator=JP3(CON9)
Add component (AddParameter): Name = "Don_Vi"; Value = "Con"; VariantName = "[No Variations]"
Add component (AddParameter): Name = "Ghi Chu"; Value = ""; VariantName = "[No Variations]"
Add component (AddParameter): Name = "Kieu Chan"; Value = ""; VariantName = "[No Variations]"
Add component (AddParameter): Name = "Ma_Hang"; Value = "MH000903"; VariantName = "[No Variations]"
Add component (AddParameter): Name = "Value"; Value = "Jump Ðon Ð?c 2.54MM 1x40P Th?ng 11MM"; VariantName = "[No Variations]"
Added Component: Designator=L1(CUON CAM 100uH3A)
Add component (AddParameter): Name = "Chung_Loai"; Value = "C?m"; VariantName = "[No Variations]"
Add component (AddParameter): Name = "Don_Vi"; Value = "Con"; VariantName = "[No Variations]"
Add component (AddParameter): Name = "Ghi_Chu"; Value = ""; VariantName = "[No Variations]"
Add component (AddParameter): Name = "Kieu_Chan"; Value = ""; VariantName = "[No Variations]"
Add component (AddParameter): Name = "Ma_Hang"; Value = "MH002232"; VariantName = "[No Variations]"
Add component (AddParameter): Name = "Ten_Linh_Kien"; Value = "Cu?n C?m 470uH 3A 8x10MM"; VariantName = "[No Variations]"
Added Component: Designator=L2(CUON CAM 100uH3A)
Add component (AddParameter): Name = "Chung_Loai"; Value = "C?m"; VariantName = "[No Variations]"
Add component (AddParameter): Name = "Don_Vi"; Value = "Con"; VariantName = "[No Variations]"
Add component (AddParameter): Name = "Ghi_Chu"; Value = ""; VariantName = "[No Variations]"
Add component (AddParameter): Name = "Kieu_Chan"; Value = ""; VariantName = "[No Variations]"
Add component (AddParameter): Name = "Ma_Hang"; Value = "MH002232"; VariantName = "[No Variations]"
Add component (AddParameter): Name = "Ten_Linh_Kien"; Value = "Cu?n C?m 470uH 3A 8x10MM"; VariantName = "[No Variations]"
Added Component: Designator=LED1(LED 3mm Do)
Add component (AddParameter): Name = "Chung_Loai"; Value = "C?m"; VariantName = "[No Variations]"
Add component (AddParameter): Name = "Don_Vi"; Value = "Con"; VariantName = "[No Variations]"
Add component (AddParameter): Name = "Ghi_Chu"; Value = ""; VariantName = "[No Variations]"
Add component (AddParameter): Name = "Kieu_Chan"; Value = ""; VariantName = "[No Variations]"
Add component (AddParameter): Name = "Ma_Hang"; Value = "MH004931"; VariantName = "[No Variations]"
Add component (AddParameter): Name = "Ten_Linh_Kien"; Value = "LED 3MM Sáng Ð? ( SS)"; VariantName = "[No Variations]"
Added Component: Designator=LED2(LED 3mm Do)
Add component (AddParameter): Name = "Chung_Loai"; Value = "C?m"; VariantName = "[No Variations]"
Add component (AddParameter): Name = "Don_Vi"; Value = "Con"; VariantName = "[No Variations]"
Add component (AddParameter): Name = "Ghi_Chu"; Value = ""; VariantName = "[No Variations]"
Add component (AddParameter): Name = "Kieu_Chan"; Value = ""; VariantName = "[No Variations]"
Add component (AddParameter): Name = "Ma_Hang"; Value = "MH004931"; VariantName = "[No Variations]"
Add component (AddParameter): Name = "Ten_Linh_Kien"; Value = "LED 3MM Sáng Ð? ( SS)"; VariantName = "[No Variations]"
Added Component: Designator=LM1(LM2576-5V)
Add component (AddParameter): Name = "Chung_Loai"; Value = "Dán"; VariantName = "[No Variations]"
Add component (AddParameter): Name = "Don_Vi"; Value = "Con"; VariantName = "[No Variations]"
Add component (AddParameter): Name = "Ghi_Chu"; Value = ""; VariantName = "[No Variations]"
Add component (AddParameter): Name = "Kieu_Chan"; Value = ""; VariantName = "[No Variations]"
Add component (AddParameter): Name = "Ma_Hang"; Value = "MH001260"; VariantName = "[No Variations]"
Add component (AddParameter): Name = "Ten_Linh_Kien"; Value = "LM2576S-3.3V BUCK 3.3V 3A TO263-5"; VariantName = "[No Variations]"
Added Component: Designator=LM2(LM2576-5V)
Add component (AddParameter): Name = "Chung_Loai"; Value = "Dán"; VariantName = "[No Variations]"
Add component (AddParameter): Name = "Don_Vi"; Value = "Con"; VariantName = "[No Variations]"
Add component (AddParameter): Name = "Ghi_Chu"; Value = ""; VariantName = "[No Variations]"
Add component (AddParameter): Name = "Kieu_Chan"; Value = ""; VariantName = "[No Variations]"
Add component (AddParameter): Name = "Ma_Hang"; Value = "MH001260"; VariantName = "[No Variations]"
Add component (AddParameter): Name = "Ten_Linh_Kien"; Value = "LM2576S-3.3V BUCK 3.3V 3A TO263-5"; VariantName = "[No Variations]"
Added Component: Designator=N1(NRF24L01)
Added Component: Designator=R1(tro vach 1/4w)
Add component (AddParameter): Name = "Chung_Loai"; Value = "C?m"; VariantName = "[No Variations]"
Add component (AddParameter): Name = "Don_Vi"; Value = "Con"; VariantName = "[No Variations]"
Add component (AddParameter): Name = "Kieu_Chan"; Value = ""; VariantName = "[No Variations]"
Add component (AddParameter): Name = "Ma_Hang"; Value = "MH007354"; VariantName = "[No Variations]"
Add component (AddParameter): Name = "So_Chan"; Value = "2"; VariantName = "[No Variations]"
Add component (AddParameter): Name = "Ten_Linh_Kien"; Value = "Tr? V?ch 1/4w 5% 10K"; VariantName = "[No Variations]"
Added Component: Designator=R2(tro vach 1/4w)
Add component (AddParameter): Name = "Chung_Loai"; Value = "C?m"; VariantName = "[No Variations]"
Add component (AddParameter): Name = "Don_Vi"; Value = "Con"; VariantName = "[No Variations]"
Add component (AddParameter): Name = "Kieu_Chan"; Value = ""; VariantName = "[No Variations]"
Add component (AddParameter): Name = "Ma_Hang"; Value = "MH007354"; VariantName = "[No Variations]"
Add component (AddParameter): Name = "So_Chan"; Value = "2"; VariantName = "[No Variations]"
Add component (AddParameter): Name = "Ten_Linh_Kien"; Value = "Tr? V?ch 1/4w 5% 10K"; VariantName = "[No Variations]"
Added Component: Designator=R3(tro vach 1/4w)
Add component (AddParameter): Name = "Chung_Loai"; Value = "C?m"; VariantName = "[No Variations]"
Add component (AddParameter): Name = "Don_Vi"; Value = "Con"; VariantName = "[No Variations]"
Add component (AddParameter): Name = "Kieu_Chan"; Value = ""; VariantName = "[No Variations]"
Add component (AddParameter): Name = "Ma_Hang"; Value = "MH007354"; VariantName = "[No Variations]"
Add component (AddParameter): Name = "So_Chan"; Value = "2"; VariantName = "[No Variations]"
Add component (AddParameter): Name = "Ten_Linh_Kien"; Value = "Tr? V?ch 1/4w 5% 10K"; VariantName = "[No Variations]"
Added Component: Designator=R4(tro vach 1/4w)
Add component (AddParameter): Name = "Chung_Loai"; Value = "C?m"; VariantName = "[No Variations]"
Add component (AddParameter): Name = "Don_Vi"; Value = "Con"; VariantName = "[No Variations]"
Add component (AddParameter): Name = "Kieu_Chan"; Value = ""; VariantName = "[No Variations]"
Add component (AddParameter): Name = "Ma_Hang"; Value = "MH007354"; VariantName = "[No Variations]"
Add component (AddParameter): Name = "So_Chan"; Value = "2"; VariantName = "[No Variations]"
Add component (AddParameter): Name = "Ten_Linh_Kien"; Value = "Tr? V?ch 1/4w 5% 10K"; VariantName = "[No Variations]"
Added Component: Designator=R5(tro vach 1/4w)
Add component (AddParameter): Name = "Chung_Loai"; Value = "C?m"; VariantName = "[No Variations]"
Add component (AddParameter): Name = "Don_Vi"; Value = "Con"; VariantName = "[No Variations]"
Add component (AddParameter): Name = "Kieu_Chan"; Value = ""; VariantName = "[No Variations]"
Add component (AddParameter): Name = "Ma_Hang"; Value = "MH007354"; VariantName = "[No Variations]"
Add component (AddParameter): Name = "So_Chan"; Value = "2"; VariantName = "[No Variations]"
Add component (AddParameter): Name = "Ten_Linh_Kien"; Value = "Tr? V?ch 1/4w 5% 10K"; VariantName = "[No Variations]"
Added Component: Designator=R6(tro vach 1/4w)
Add component (AddParameter): Name = "Chung_Loai"; Value = "C?m"; VariantName = "[No Variations]"
Add component (AddParameter): Name = "Don_Vi"; Value = "Con"; VariantName = "[No Variations]"
Add component (AddParameter): Name = "Kieu_Chan"; Value = ""; VariantName = "[No Variations]"
Add component (AddParameter): Name = "Ma_Hang"; Value = "MH007354"; VariantName = "[No Variations]"
Add component (AddParameter): Name = "So_Chan"; Value = "2"; VariantName = "[No Variations]"
Add component (AddParameter): Name = "Ten_Linh_Kien"; Value = "Tr? V?ch 1/4w 5% 10K"; VariantName = "[No Variations]"
Added Component: Designator=R7(tro vach 1/4w)
Add component (AddParameter): Name = "Chung_Loai"; Value = "C?m"; VariantName = "[No Variations]"
Add component (AddParameter): Name = "Don_Vi"; Value = "Con"; VariantName = "[No Variations]"
Add component (AddParameter): Name = "Kieu_Chan"; Value = ""; VariantName = "[No Variations]"
Add component (AddParameter): Name = "Ma_Hang"; Value = "MH007354"; VariantName = "[No Variations]"
Add component (AddParameter): Name = "So_Chan"; Value = "2"; VariantName = "[No Variations]"
Add component (AddParameter): Name = "Ten_Linh_Kien"; Value = "Tr? V?ch 1/4w 5% 10K"; VariantName = "[No Variations]"
Added Component: Designator=R8(tro vach 1/4w)
Add component (AddParameter): Name = "Chung_Loai"; Value = "C?m"; VariantName = "[No Variations]"
Add component (AddParameter): Name = "Don_Vi"; Value = "Con"; VariantName = "[No Variations]"
Add component (AddParameter): Name = "Kieu_Chan"; Value = ""; VariantName = "[No Variations]"
Add component (AddParameter): Name = "Ma_Hang"; Value = "MH007354"; VariantName = "[No Variations]"
Add component (AddParameter): Name = "So_Chan"; Value = "2"; VariantName = "[No Variations]"
Add component (AddParameter): Name = "Ten_Linh_Kien"; Value = "Tr? V?ch 1/4w 5% 10K"; VariantName = "[No Variations]"
Added Component: Designator=R9(tro vach 1/4w)
Add component (AddParameter): Name = "Chung_Loai"; Value = "C?m"; VariantName = "[No Variations]"
Add component (AddParameter): Name = "Don_Vi"; Value = "Con"; VariantName = "[No Variations]"
Add component (AddParameter): Name = "Kieu_Chan"; Value = ""; VariantName = "[No Variations]"
Add component (AddParameter): Name = "Ma_Hang"; Value = "MH007354"; VariantName = "[No Variations]"
Add component (AddParameter): Name = "So_Chan"; Value = "2"; VariantName = "[No Variations]"
Add component (AddParameter): Name = "Ten_Linh_Kien"; Value = "Tr? V?ch 1/4w 5% 10K"; VariantName = "[No Variations]"
Added Component: Designator=R10(tro vach 1/4w)
Add component (AddParameter): Name = "Chung_Loai"; Value = "C?m"; VariantName = "[No Variations]"
Add component (AddParameter): Name = "Don_Vi"; Value = "Con"; VariantName = "[No Variations]"
Add component (AddParameter): Name = "Kieu_Chan"; Value = ""; VariantName = "[No Variations]"
Add component (AddParameter): Name = "Ma_Hang"; Value = "MH007354"; VariantName = "[No Variations]"
Add component (AddParameter): Name = "So_Chan"; Value = "2"; VariantName = "[No Variations]"
Add component (AddParameter): Name = "Ten_Linh_Kien"; Value = "Tr? V?ch 1/4w 5% 10K"; VariantName = "[No Variations]"
Added Component: Designator=R11(tro vach 1/4w)
Add component (AddParameter): Name = "Chung_Loai"; Value = "C?m"; VariantName = "[No Variations]"
Add component (AddParameter): Name = "Don_Vi"; Value = "Con"; VariantName = "[No Variations]"
Add component (AddParameter): Name = "Kieu_Chan"; Value = ""; VariantName = "[No Variations]"
Add component (AddParameter): Name = "Ma_Hang"; Value = "MH007354"; VariantName = "[No Variations]"
Add component (AddParameter): Name = "So_Chan"; Value = "2"; VariantName = "[No Variations]"
Add component (AddParameter): Name = "Ten_Linh_Kien"; Value = "Tr? V?ch 1/4w 5% 10K"; VariantName = "[No Variations]"
Added Component: Designator=R12(tro vach 1/4w)
Add component (AddParameter): Name = "Chung_Loai"; Value = "C?m"; VariantName = "[No Variations]"
Add component (AddParameter): Name = "Don_Vi"; Value = "Con"; VariantName = "[No Variations]"
Add component (AddParameter): Name = "Kieu_Chan"; Value = ""; VariantName = "[No Variations]"
Add component (AddParameter): Name = "Ma_Hang"; Value = "MH007354"; VariantName = "[No Variations]"
Add component (AddParameter): Name = "So_Chan"; Value = "2"; VariantName = "[No Variations]"
Add component (AddParameter): Name = "Ten_Linh_Kien"; Value = "Tr? V?ch 1/4w 5% 10K"; VariantName = "[No Variations]"
Added Component: Designator=R13(tro vach 1/4w)
Add component (AddParameter): Name = "Chung_Loai"; Value = "C?m"; VariantName = "[No Variations]"
Add component (AddParameter): Name = "Don_Vi"; Value = "Con"; VariantName = "[No Variations]"
Add component (AddParameter): Name = "Kieu_Chan"; Value = ""; VariantName = "[No Variations]"
Add component (AddParameter): Name = "Ma_Hang"; Value = "MH007354"; VariantName = "[No Variations]"
Add component (AddParameter): Name = "So_Chan"; Value = "2"; VariantName = "[No Variations]"
Add component (AddParameter): Name = "Ten_Linh_Kien"; Value = "Tr? V?ch 1/4w 5% 10K"; VariantName = "[No Variations]"
Added Component: Designator=R14(tro vach 1/4w)
Add component (AddParameter): Name = "Chung_Loai"; Value = "C?m"; VariantName = "[No Variations]"
Add component (AddParameter): Name = "Don_Vi"; Value = "Con"; VariantName = "[No Variations]"
Add component (AddParameter): Name = "Kieu_Chan"; Value = ""; VariantName = "[No Variations]"
Add component (AddParameter): Name = "Ma_Hang"; Value = "MH007354"; VariantName = "[No Variations]"
Add component (AddParameter): Name = "So_Chan"; Value = "2"; VariantName = "[No Variations]"
Add component (AddParameter): Name = "Ten_Linh_Kien"; Value = "Tr? V?ch 1/4w 5% 10K"; VariantName = "[No Variations]"
Added Component: Designator=R15(tro vach 1/4w)
Add component (AddParameter): Name = "Chung_Loai"; Value = "C?m"; VariantName = "[No Variations]"
Add component (AddParameter): Name = "Don_Vi"; Value = "Con"; VariantName = "[No Variations]"
Add component (AddParameter): Name = "Kieu_Chan"; Value = ""; VariantName = "[No Variations]"
Add component (AddParameter): Name = "Ma_Hang"; Value = "MH007354"; VariantName = "[No Variations]"
Add component (AddParameter): Name = "So_Chan"; Value = "2"; VariantName = "[No Variations]"
Add component (AddParameter): Name = "Ten_Linh_Kien"; Value = "Tr? V?ch 1/4w 5% 10K"; VariantName = "[No Variations]"
Added Component: Designator=R16(tro vach 1/4w)
Add component (AddParameter): Name = "Chung_Loai"; Value = "C?m"; VariantName = "[No Variations]"
Add component (AddParameter): Name = "Don_Vi"; Value = "Con"; VariantName = "[No Variations]"
Add component (AddParameter): Name = "Kieu_Chan"; Value = ""; VariantName = "[No Variations]"
Add component (AddParameter): Name = "Ma_Hang"; Value = "MH007354"; VariantName = "[No Variations]"
Add component (AddParameter): Name = "So_Chan"; Value = "2"; VariantName = "[No Variations]"
Add component (AddParameter): Name = "Ten_Linh_Kien"; Value = "Tr? V?ch 1/4w 5% 10K"; VariantName = "[No Variations]"
Added Component: Designator=R17(tro vach 1/4w)
Add component (AddParameter): Name = "Chung_Loai"; Value = "C?m"; VariantName = "[No Variations]"
Add component (AddParameter): Name = "Don_Vi"; Value = "Con"; VariantName = "[No Variations]"
Add component (AddParameter): Name = "Kieu_Chan"; Value = ""; VariantName = "[No Variations]"
Add component (AddParameter): Name = "Ma_Hang"; Value = "MH007354"; VariantName = "[No Variations]"
Add component (AddParameter): Name = "So_Chan"; Value = "2"; VariantName = "[No Variations]"
Add component (AddParameter): Name = "Ten_Linh_Kien"; Value = "Tr? V?ch 1/4w 5% 10K"; VariantName = "[No Variations]"
Added Component: Designator=R18(tro vach 1/4w)
Add component (AddParameter): Name = "Chung_Loai"; Value = "C?m"; VariantName = "[No Variations]"
Add component (AddParameter): Name = "Don_Vi"; Value = "Con"; VariantName = "[No Variations]"
Add component (AddParameter): Name = "Kieu_Chan"; Value = ""; VariantName = "[No Variations]"
Add component (AddParameter): Name = "Ma_Hang"; Value = "MH007354"; VariantName = "[No Variations]"
Add component (AddParameter): Name = "So_Chan"; Value = "2"; VariantName = "[No Variations]"
Add component (AddParameter): Name = "Ten_Linh_Kien"; Value = "Tr? V?ch 1/4w 5% 10K"; VariantName = "[No Variations]"
Added Component: Designator=R19(tro vach 1/4w)
Add component (AddParameter): Name = "Chung_Loai"; Value = "C?m"; VariantName = "[No Variations]"
Add component (AddParameter): Name = "Don_Vi"; Value = "Con"; VariantName = "[No Variations]"
Add component (AddParameter): Name = "Kieu_Chan"; Value = ""; VariantName = "[No Variations]"
Add component (AddParameter): Name = "Ma_Hang"; Value = "MH007354"; VariantName = "[No Variations]"
Add component (AddParameter): Name = "So_Chan"; Value = "2"; VariantName = "[No Variations]"
Add component (AddParameter): Name = "Ten_Linh_Kien"; Value = "Tr? V?ch 1/4w 5% 10K"; VariantName = "[No Variations]"
Added Component: Designator=R20(tro vach 1/4w)
Add component (AddParameter): Name = "Chung_Loai"; Value = "C?m"; VariantName = "[No Variations]"
Add component (AddParameter): Name = "Don_Vi"; Value = "Con"; VariantName = "[No Variations]"
Add component (AddParameter): Name = "Kieu_Chan"; Value = ""; VariantName = "[No Variations]"
Add component (AddParameter): Name = "Ma_Hang"; Value = "MH007354"; VariantName = "[No Variations]"
Add component (AddParameter): Name = "So_Chan"; Value = "2"; VariantName = "[No Variations]"
Add component (AddParameter): Name = "Ten_Linh_Kien"; Value = "Tr? V?ch 1/4w 5% 10K"; VariantName = "[No Variations]"
Added Component: Designator=R21(tro vach 1/4w)
Add component (AddParameter): Name = "Chung_Loai"; Value = "C?m"; VariantName = "[No Variations]"
Add component (AddParameter): Name = "Don_Vi"; Value = "Con"; VariantName = "[No Variations]"
Add component (AddParameter): Name = "Kieu_Chan"; Value = ""; VariantName = "[No Variations]"
Add component (AddParameter): Name = "Ma_Hang"; Value = "MH007354"; VariantName = "[No Variations]"
Add component (AddParameter): Name = "So_Chan"; Value = "2"; VariantName = "[No Variations]"
Add component (AddParameter): Name = "Ten_Linh_Kien"; Value = "Tr? V?ch 1/4w 5% 10K"; VariantName = "[No Variations]"
Added Component: Designator=R22(tro vach 1/4w)
Add component (AddParameter): Name = "Chung_Loai"; Value = "C?m"; VariantName = "[No Variations]"
Add component (AddParameter): Name = "Don_Vi"; Value = "Con"; VariantName = "[No Variations]"
Add component (AddParameter): Name = "Kieu_Chan"; Value = ""; VariantName = "[No Variations]"
Add component (AddParameter): Name = "Ma_Hang"; Value = "MH007354"; VariantName = "[No Variations]"
Add component (AddParameter): Name = "So_Chan"; Value = "2"; VariantName = "[No Variations]"
Add component (AddParameter): Name = "Ten_Linh_Kien"; Value = "Tr? V?ch 1/4w 5% 10K"; VariantName = "[No Variations]"
Added Component: Designator=R23(tro vach 1/4w)
Add component (AddParameter): Name = "Chung_Loai"; Value = "C?m"; VariantName = "[No Variations]"
Add component (AddParameter): Name = "Don_Vi"; Value = "Con"; VariantName = "[No Variations]"
Add component (AddParameter): Name = "Kieu_Chan"; Value = ""; VariantName = "[No Variations]"
Add component (AddParameter): Name = "Ma_Hang"; Value = "MH007354"; VariantName = "[No Variations]"
Add component (AddParameter): Name = "So_Chan"; Value = "2"; VariantName = "[No Variations]"
Add component (AddParameter): Name = "Ten_Linh_Kien"; Value = "Tr? V?ch 1/4w 5% 10K"; VariantName = "[No Variations]"
Added Component: Designator=R24(tro vach 1/4w)
Add component (AddParameter): Name = "Chung_Loai"; Value = "C?m"; VariantName = "[No Variations]"
Add component (AddParameter): Name = "Don_Vi"; Value = "Con"; VariantName = "[No Variations]"
Add component (AddParameter): Name = "Kieu_Chan"; Value = ""; VariantName = "[No Variations]"
Add component (AddParameter): Name = "Ma_Hang"; Value = "MH007354"; VariantName = "[No Variations]"
Add component (AddParameter): Name = "So_Chan"; Value = "2"; VariantName = "[No Variations]"
Add component (AddParameter): Name = "Ten_Linh_Kien"; Value = "Tr? V?ch 1/4w 5% 10K"; VariantName = "[No Variations]"
Added Component: Designator=R25(tro vach 1/4w)
Add component (AddParameter): Name = "Chung_Loai"; Value = "C?m"; VariantName = "[No Variations]"
Add component (AddParameter): Name = "Don_Vi"; Value = "Con"; VariantName = "[No Variations]"
Add component (AddParameter): Name = "Kieu_Chan"; Value = ""; VariantName = "[No Variations]"
Add component (AddParameter): Name = "Ma_Hang"; Value = "MH007354"; VariantName = "[No Variations]"
Add component (AddParameter): Name = "So_Chan"; Value = "2"; VariantName = "[No Variations]"
Add component (AddParameter): Name = "Ten_Linh_Kien"; Value = "Tr? V?ch 1/4w 5% 10K"; VariantName = "[No Variations]"
Added Component: Designator=R26(tro vach 1/4w)
Add component (AddParameter): Name = "Chung_Loai"; Value = "C?m"; VariantName = "[No Variations]"
Add component (AddParameter): Name = "Don_Vi"; Value = "Con"; VariantName = "[No Variations]"
Add component (AddParameter): Name = "Kieu_Chan"; Value = ""; VariantName = "[No Variations]"
Add component (AddParameter): Name = "Ma_Hang"; Value = "MH007354"; VariantName = "[No Variations]"
Add component (AddParameter): Name = "So_Chan"; Value = "2"; VariantName = "[No Variations]"
Add component (AddParameter): Name = "Ten_Linh_Kien"; Value = "Tr? V?ch 1/4w 5% 10K"; VariantName = "[No Variations]"
Added Component: Designator=U1(STM32F401CCU6)
Added Pin To Net: NetName=Net*1_1 Pin=*1-1
Added Pin To Net: NetName=BAT Pin=*1-2
Added Pin To Net: NetName=BAT Pin=*2-1
Added Pin To Net: NetName=GND Pin=*2-2
Added Pin To Net: NetName=3.3V Pin=C1-1
Added Pin To Net: NetName=GND Pin=C1-2
Added Pin To Net: NetName=CH1+ Pin=C2-1
Added Pin To Net: NetName=5V Pin=C2-2
Added Pin To Net: NetName=T Pin=C3-1
Added Pin To Net: NetName=5V Pin=C3-2
Added Pin To Net: NetName=CH1- Pin=C4-1
Added Pin To Net: NetName=5V Pin=C4-2
Added Pin To Net: NetName=B Pin=C5-1
Added Pin To Net: NetName=5V Pin=C5-2
Added Pin To Net: NetName=CH2+ Pin=C6-1
Added Pin To Net: NetName=5V Pin=C6-2
Added Pin To Net: NetName=L Pin=C7-1
Added Pin To Net: NetName=5V Pin=C7-2
Added Pin To Net: NetName=CH2- Pin=C8-1
Added Pin To Net: NetName=5V Pin=C8-2
Added Pin To Net: NetName=R Pin=C9-1
Added Pin To Net: NetName=5V Pin=C9-2
Added Pin To Net: NetName=CH3+ Pin=C10-1
Added Pin To Net: NetName=5V Pin=C10-2
Added Pin To Net: NetName=OK Pin=C11-1
Added Pin To Net: NetName=5V Pin=C11-2
Added Pin To Net: NetName=CH3- Pin=C12-1
Added Pin To Net: NetName=5V Pin=C12-2
Added Pin To Net: NetName=EXIT Pin=C13-1
Added Pin To Net: NetName=5V Pin=C13-2
Added Pin To Net: NetName=CH4+ Pin=C14-1
Added Pin To Net: NetName=5V Pin=C14-2
Added Pin To Net: NetName=SCAN Pin=C15-1
Added Pin To Net: NetName=5V Pin=C15-2
Added Pin To Net: NetName=CH4- Pin=C16-1
Added Pin To Net: NetName=5V Pin=C16-2
Added Pin To Net: NetName=GND Pin=C17-2
Added Pin To Net: NetName=3.3V Pin=C18-1
Added Pin To Net: NetName=GND Pin=C18-2
Added Pin To Net: NetName=GND Pin=C19-2
Added Pin To Net: NetName=5V Pin=C20-1
Added Pin To Net: NetName=GND Pin=C20-2
Added Pin To Net: NetName=GND Pin=D1-1
Added Pin To Net: NetName=NetD1_2 Pin=D1-2
Added Pin To Net: NetName=GND Pin=D2-1
Added Pin To Net: NetName=NetD2_2 Pin=D2-2
Added Pin To Net: NetName=Net*1_1 Pin=D3-1
Added Pin To Net: NetName=PA15 Pin=IC1-1
Added Pin To Net: NetName=PA12 Pin=IC1-2
Added Pin To Net: NetName=OK Pin=IC1-3
Added Pin To Net: NetName=EXIT Pin=IC1-4
Added Pin To Net: NetName=SCAN Pin=IC1-5
Added Pin To Net: NetName=GND Pin=IC1-8
Added Pin To Net: NetName=PA11 Pin=IC1-9
Added Pin To Net: NetName=T Pin=IC1-11
Added Pin To Net: NetName=B Pin=IC1-12
Added Pin To Net: NetName=L Pin=IC1-13
Added Pin To Net: NetName=R Pin=IC1-14
Added Pin To Net: NetName=GND Pin=IC1-15
Added Pin To Net: NetName=5V Pin=IC1-16
Added Pin To Net: NetName=PB14 Pin=IC2-1
Added Pin To Net: NetName=PB13 Pin=IC2-2
Added Pin To Net: NetName=CH3+ Pin=IC2-3
Added Pin To Net: NetName=CH3- Pin=IC2-4
Added Pin To Net: NetName=CH4+ Pin=IC2-5
Added Pin To Net: NetName=CH4- Pin=IC2-6
Added Pin To Net: NetName=GND Pin=IC2-8
Added Pin To Net: NetName=PB12 Pin=IC2-9
Added Pin To Net: NetName=CH1- Pin=IC2-11
Added Pin To Net: NetName=CH1+ Pin=IC2-12
Added Pin To Net: NetName=CH2+ Pin=IC2-13
Added Pin To Net: NetName=CH2- Pin=IC2-14
Added Pin To Net: NetName=GND Pin=IC2-15
Added Pin To Net: NetName=5V Pin=IC2-16
Added Pin To Net: NetName=PB15 Pin=IC3-1
Added Pin To Net: NetName=PA8 Pin=IC3-2
Added Pin To Net: NetName=5 Pin=IC3-3
Added Pin To Net: NetName=6 Pin=IC3-4
Added Pin To Net: NetName=7 Pin=IC3-5
Added Pin To Net: NetName=GND Pin=IC3-8
Added Pin To Net: NetName=PB6 Pin=IC3-9
Added Pin To Net: NetName=1 Pin=IC3-11
Added Pin To Net: NetName=2 Pin=IC3-12
Added Pin To Net: NetName=3 Pin=IC3-13
Added Pin To Net: NetName=4 Pin=IC3-14
Added Pin To Net: NetName=GND Pin=IC3-15
Added Pin To Net: NetName=5V Pin=IC3-16
Added Pin To Net: NetName=GND Pin=J1-1
Added Pin To Net: NetName=PA10 Pin=J1-2
Added Pin To Net: NetName=PA9 Pin=J1-3
Added Pin To Net: NetName=5V Pin=J1-4
Added Pin To Net: NetName=PB9 Pin=J2-1
Added Pin To Net: NetName=PB8 Pin=J2-2
Added Pin To Net: NetName=GND Pin=J2-3
Added Pin To Net: NetName=5V Pin=J2-4
Added Pin To Net: NetName=GND Pin=J3-1
Added Pin To Net: NetName=PA0 Pin=J3-2
Added Pin To Net: NetName=3.3V Pin=J3-3
Added Pin To Net: NetName=GND Pin=J4-1
Added Pin To Net: NetName=PA1 Pin=J4-2
Added Pin To Net: NetName=3.3V Pin=J4-3
Added Pin To Net: NetName=GND Pin=J5-1
Added Pin To Net: NetName=PA2 Pin=J5-2
Added Pin To Net: NetName=3.3V Pin=J5-3
Added Pin To Net: NetName=GND Pin=J6-1
Added Pin To Net: NetName=PA3 Pin=J6-2
Added Pin To Net: NetName=3.3V Pin=J6-3
Added Pin To Net: NetName=GND Pin=J7-1
Added Pin To Net: NetName=PA4 Pin=J7-2
Added Pin To Net: NetName=3.3V Pin=J7-3
Added Pin To Net: NetName=GND Pin=J8-1
Added Pin To Net: NetName=PA5 Pin=J8-2
Added Pin To Net: NetName=3.3V Pin=J8-3
Added Pin To Net: NetName=GND Pin=J9-1
Added Pin To Net: NetName=PA7 Pin=J9-2
Added Pin To Net: NetName=3.3V Pin=J9-3
Added Pin To Net: NetName=1 Pin=JP1-1
Added Pin To Net: NetName=2 Pin=JP1-2
Added Pin To Net: NetName=3 Pin=JP1-3
Added Pin To Net: NetName=4 Pin=JP1-4
Added Pin To Net: NetName=5 Pin=JP1-5
Added Pin To Net: NetName=6 Pin=JP1-6
Added Pin To Net: NetName=7 Pin=JP1-7
Added Pin To Net: NetName=3.3V Pin=JP1-8
Added Pin To Net: NetName=5V Pin=JP2-1
Added Pin To Net: NetName=SCAN Pin=JP2-2
Added Pin To Net: NetName=EXIT Pin=JP2-3
Added Pin To Net: NetName=OK Pin=JP2-4
Added Pin To Net: NetName=R Pin=JP2-5
Added Pin To Net: NetName=L Pin=JP2-6
Added Pin To Net: NetName=B Pin=JP2-7
Added Pin To Net: NetName=T Pin=JP2-8
Added Pin To Net: NetName=5V Pin=JP3-1
Added Pin To Net: NetName=CH4- Pin=JP3-2
Added Pin To Net: NetName=CH4+ Pin=JP3-3
Added Pin To Net: NetName=CH3- Pin=JP3-4
Added Pin To Net: NetName=CH3+ Pin=JP3-5
Added Pin To Net: NetName=CH2- Pin=JP3-6
Added Pin To Net: NetName=CH2+ Pin=JP3-7
Added Pin To Net: NetName=CH1- Pin=JP3-8
Added Pin To Net: NetName=CH1+ Pin=JP3-9
Added Pin To Net: NetName=NetD1_2 Pin=L1-1
Added Pin To Net: NetName=3.3V Pin=L1-2
Added Pin To Net: NetName=NetD2_2 Pin=L2-1
Added Pin To Net: NetName=5V Pin=L2-2
Added Pin To Net: NetName=3.3V Pin=LED1-1
Added Pin To Net: NetName=NetLED1_2 Pin=LED1-2
Added Pin To Net: NetName=5V Pin=LED2-1
Added Pin To Net: NetName=NetLED2_2 Pin=LED2-2
Added Pin To Net: NetName=NetD1_2 Pin=LM1-2
Added Pin To Net: NetName=GND Pin=LM1-3
Added Pin To Net: NetName=3.3V Pin=LM1-4
Added Pin To Net: NetName=GND Pin=LM1-5
Added Pin To Net: NetName=NetD2_2 Pin=LM2-2
Added Pin To Net: NetName=GND Pin=LM2-3
Added Pin To Net: NetName=5V Pin=LM2-4
Added Pin To Net: NetName=GND Pin=LM2-5
Added Pin To Net: NetName=GND Pin=N1-1
Added Pin To Net: NetName=3.3V Pin=N1-2
Added Pin To Net: NetName=PB0 Pin=N1-3
Added Pin To Net: NetName=PB1 Pin=N1-4
Added Pin To Net: NetName=PB3 Pin=N1-5
Added Pin To Net: NetName=PB5 Pin=N1-6
Added Pin To Net: NetName=PB4 Pin=N1-7
Added Pin To Net: NetName=T Pin=R1-1
Added Pin To Net: NetName=CH1+ Pin=R2-1
Added Pin To Net: NetName=GND Pin=R2-2
Added Pin To Net: NetName=B Pin=R3-1
Added Pin To Net: NetName=GND Pin=R4-1
Added Pin To Net: NetName=CH1- Pin=R4-2
Added Pin To Net: NetName=L Pin=R5-1
Added Pin To Net: NetName=GND Pin=R6-1
Added Pin To Net: NetName=CH2+ Pin=R6-2
Added Pin To Net: NetName=R Pin=R7-1
Added Pin To Net: NetName=GND Pin=R8-1
Added Pin To Net: NetName=CH2- Pin=R8-2
Added Pin To Net: NetName=OK Pin=R9-1
Added Pin To Net: NetName=GND Pin=R10-1
Added Pin To Net: NetName=CH3+ Pin=R10-2
Added Pin To Net: NetName=EXIT Pin=R11-1
Added Pin To Net: NetName=GND Pin=R12-1
Added Pin To Net: NetName=CH3- Pin=R12-2
Added Pin To Net: NetName=SCAN Pin=R13-1
Added Pin To Net: NetName=GND Pin=R14-1
Added Pin To Net: NetName=CH4+ Pin=R14-2
Added Pin To Net: NetName=GND Pin=R15-1
Added Pin To Net: NetName=CH4- Pin=R15-2
Added Pin To Net: NetName=PA6 Pin=R16-1
Added Pin To Net: NetName=BAT Pin=R16-2
Added Pin To Net: NetName=GND Pin=R17-1
Added Pin To Net: NetName=PA6 Pin=R17-2
Added Pin To Net: NetName=NetLED1_2 Pin=R18-1
Added Pin To Net: NetName=GND Pin=R18-2
Added Pin To Net: NetName=NetLED2_2 Pin=R19-1
Added Pin To Net: NetName=GND Pin=R19-2
Added Pin To Net: NetName=GND Pin=R20-1
Added Pin To Net: NetName=1 Pin=R20-2
Added Pin To Net: NetName=GND Pin=R21-1
Added Pin To Net: NetName=2 Pin=R21-2
Added Pin To Net: NetName=GND Pin=R22-1
Added Pin To Net: NetName=3 Pin=R22-2
Added Pin To Net: NetName=GND Pin=R23-1
Added Pin To Net: NetName=4 Pin=R23-2
Added Pin To Net: NetName=GND Pin=R24-1
Added Pin To Net: NetName=5 Pin=R24-2
Added Pin To Net: NetName=GND Pin=R25-1
Added Pin To Net: NetName=6 Pin=R25-2
Added Pin To Net: NetName=GND Pin=R26-1
Added Pin To Net: NetName=7 Pin=R26-2
Added Pin To Net: NetName=5V Pin=U1-8
Added Pin To Net: NetName=GND Pin=U1-9
Added Pin To Net: NetName=PA0 Pin=U1-10
Added Pin To Net: NetName=PA1 Pin=U1-11
Added Pin To Net: NetName=PA2 Pin=U1-12
Added Pin To Net: NetName=PA3 Pin=U1-13
Added Pin To Net: NetName=PA4 Pin=U1-14
Added Pin To Net: NetName=PA5 Pin=U1-15
Added Pin To Net: NetName=PA6 Pin=U1-16
Added Pin To Net: NetName=PA7 Pin=U1-17
Added Pin To Net: NetName=PB0 Pin=U1-19
Added Pin To Net: NetName=PB1 Pin=U1-21
Added Pin To Net: NetName=PB12 Pin=U1-25
Added Pin To Net: NetName=PB13 Pin=U1-26
Added Pin To Net: NetName=PB14 Pin=U1-27
Added Pin To Net: NetName=PB15 Pin=U1-28
Added Pin To Net: NetName=PA8 Pin=U1-29
Added Pin To Net: NetName=PA9 Pin=U1-30
Added Pin To Net: NetName=PA10 Pin=U1-31
Added Pin To Net: NetName=PA11 Pin=U1-32
Added Pin To Net: NetName=PA12 Pin=U1-33
Added Pin To Net: NetName=PA15 Pin=U1-38
Added Pin To Net: NetName=PB3 Pin=U1-39
Added Pin To Net: NetName=PB4 Pin=U1-40
Added Pin To Net: NetName=PB5 Pin=U1-41
Added Pin To Net: NetName=PB6 Pin=U1-42
Added Pin To Net: NetName=PB8 Pin=U1-45
Added Pin To Net: NetName=PB9 Pin=U1-46
Added Pin To Net: NetName=NetC17_1 Pin=C17-1
Added Pin To Net: NetName=NetC17_1 Pin=C19-1
Added Pin To Net: NetName=NetC17_1 Pin=D3-2
Added Pin To Net: NetName=NetC17_1 Pin=LM1-1
Added Pin To Net: NetName=NetC17_1 Pin=LM2-1
Added Net: Name=NetC17_1
Added Pin To Net: NetName=NetR1_2 Pin=R1-2
Added Pin To Net: NetName=NetR1_2 Pin=R3-2
Added Pin To Net: NetName=NetR1_2 Pin=R5-2
Added Pin To Net: NetName=NetR1_2 Pin=R7-2
Added Pin To Net: NetName=NetR1_2 Pin=R9-2
Added Pin To Net: NetName=NetR1_2 Pin=R11-2
Added Pin To Net: NetName=NetR1_2 Pin=R13-2
Added Net: Name=NetR1_2
Added Member To Class: ClassName=SCH Member=Component *1 SW_POWER
Added Member To Class: ClassName=SCH Member=Component *2 7.4V
Added Member To Class: ClassName=SCH Member=Component C1 100uF
Added Member To Class: ClassName=SCH Member=Component C2 104
Added Member To Class: ClassName=SCH Member=Component C3 104
Added Member To Class: ClassName=SCH Member=Component C4 104
Added Member To Class: ClassName=SCH Member=Component C5 104
Added Member To Class: ClassName=SCH Member=Component C6 104
Added Member To Class: ClassName=SCH Member=Component C7 104
Added Member To Class: ClassName=SCH Member=Component C8 104
Added Member To Class: ClassName=SCH Member=Component C9 104
Added Member To Class: ClassName=SCH Member=Component C10 104
Added Member To Class: ClassName=SCH Member=Component C11 104
Added Member To Class: ClassName=SCH Member=Component C12 104
Added Member To Class: ClassName=SCH Member=Component C13 104
Added Member To Class: ClassName=SCH Member=Component C14 104
Added Member To Class: ClassName=SCH Member=Component C15 104
Added Member To Class: ClassName=SCH Member=Component C16 104
Added Member To Class: ClassName=SCH Member=Component C17 100uF
Added Member To Class: ClassName=SCH Member=Component C18 1000uF
Added Member To Class: ClassName=SCH Member=Component C19 100uF
Added Member To Class: ClassName=SCH Member=Component C20 1000uF
Added Member To Class: ClassName=SCH Member=Component D1 1N5822
Added Member To Class: ClassName=SCH Member=Component D2 1N5822
Added Member To Class: ClassName=SCH Member=Component D3 1N5822
Added Member To Class: ClassName=SCH Member=Component IC1 74HC165
Added Member To Class: ClassName=SCH Member=Component IC2 74HC165
Added Member To Class: ClassName=SCH Member=Component IC3 74HC165
Added Member To Class: ClassName=SCH Member=Component J1 2.54_4P
Added Member To Class: ClassName=SCH Member=Component J2 2.54_4P
Added Member To Class: ClassName=SCH Member=Component J3 1.25_4P
Added Member To Class: ClassName=SCH Member=Component J4 1.25_4P
Added Member To Class: ClassName=SCH Member=Component J5 1.25_4P
Added Member To Class: ClassName=SCH Member=Component J6 1.25_4P
Added Member To Class: ClassName=SCH Member=Component J7 1.25_4P
Added Member To Class: ClassName=SCH Member=Component J8 1.25_4P
Added Member To Class: ClassName=SCH Member=Component J9 1.25_4P
Added Member To Class: ClassName=SCH Member=Component JP1 2.54_8P
Added Member To Class: ClassName=SCH Member=Component JP2 BUTTON CONFIG
Added Member To Class: ClassName=SCH Member=Component JP3 BUTTON TRIM
Added Member To Class: ClassName=SCH Member=Component L1 220uH
Added Member To Class: ClassName=SCH Member=Component L2 220uH
Added Member To Class: ClassName=SCH Member=Component LED1 LED 3mm Do
Added Member To Class: ClassName=SCH Member=Component LED2 LED 3mm Do
Added Member To Class: ClassName=SCH Member=Component LM1 3.3V
Added Member To Class: ClassName=SCH Member=Component LM2 5V
Added Member To Class: ClassName=SCH Member=Component N1 NRF24L01
Added Member To Class: ClassName=SCH Member=Component R1 10k
Added Member To Class: ClassName=SCH Member=Component R2 10k
Added Member To Class: ClassName=SCH Member=Component R3 10k
Added Member To Class: ClassName=SCH Member=Component R4 10k
Added Member To Class: ClassName=SCH Member=Component R5 10k
Added Member To Class: ClassName=SCH Member=Component R6 10k
Added Member To Class: ClassName=SCH Member=Component R7 10k
Added Member To Class: ClassName=SCH Member=Component R8 10k
Added Member To Class: ClassName=SCH Member=Component R9 10k
Added Member To Class: ClassName=SCH Member=Component R10 10k
Added Member To Class: ClassName=SCH Member=Component R11 10k
Added Member To Class: ClassName=SCH Member=Component R12 10k
Added Member To Class: ClassName=SCH Member=Component R13 10k
Added Member To Class: ClassName=SCH Member=Component R14 10k
Added Member To Class: ClassName=SCH Member=Component R15 10k
Added Member To Class: ClassName=SCH Member=Component R16 51k
Added Member To Class: ClassName=SCH Member=Component R17 33k
Added Member To Class: ClassName=SCH Member=Component R18 33k
Added Member To Class: ClassName=SCH Member=Component R19 33k
Added Member To Class: ClassName=SCH Member=Component R20 10k
Added Member To Class: ClassName=SCH Member=Component R21 10k
Added Member To Class: ClassName=SCH Member=Component R22 10k
Added Member To Class: ClassName=SCH Member=Component R23 10k
Added Member To Class: ClassName=SCH Member=Component R24 10k
Added Member To Class: ClassName=SCH Member=Component R25 10k
Added Member To Class: ClassName=SCH Member=Component R26 10k
Added Member To Class: ClassName=SCH Member=Component U1 STM32F401CCU6
Added Room: Name=SCH
